#
# A fatal error has been detected by the Java Runtime Environment:
#
#  EXCEPTION_ACCESS_VIOLATION (0xc0000005) at pc=0x00000000034eccf4, pid=10700, tid=8236
#
# JRE version: Java(TM) SE Runtime Environment (8.0_91-b14) (build 1.8.0_91-b14)
# Java VM: Java HotSpot(TM) 64-Bit Server VM (25.91-b14 mixed mode windows-amd64 compressed oops)
# Problematic frame:
# J 4070 C1 org.springframework.boot.devtools.filewatch.FileSnapshot.hashCode()I (49 bytes) @ 0x00000000034eccf4 [0x00000000034eccc0+0x34]
#
# Failed to write core dump. Minidumps are not enabled by default on client versions of Windows
#
# If you would like to submit a bug report, please visit:
#   http://bugreport.java.com/bugreport/crash.jsp
#

---------------  T H R E A D  ---------------

Current thread (0x000000001ee84000):  JavaThread "File Watcher" daemon [_thread_in_Java, id=8236, stack(0x000000001df80000,0x000000001e080000)]

siginfo: ExceptionCode=0xc0000005, reading address 0x00000000c7414ee0

Registers:
RAX=0x000000010053a9b8, RBX=0x000000001d6ead80, RCX=0x0000000000000067, RDX=0x00000000d7416ba0
RSP=0x000000001e07f170, RBP=0x000000001e07f598, RSI=0x00000000c7414ee0, RDI=0x0000000011c8f000
R8 =0x00000000d7414df0, R9 =0x00000000ed740000, R10=0x00000000d7416f88, R11=0x0000000000000208
R12=0x0000000000000000, R13=0x000000000000005d, R14=0x000000001e07f4c0, R15=0x000000001ee84000
RIP=0x00000000034eccf4, EFLAGS=0x0000000000010202

Top of Stack: (sp=0x000000001e07f170)
0x000000001e07f170:   00000000ed72ff98 0000000002df06db
0x000000001e07f180:   000000001e07f598 0000000002defa0c
0x000000001e07f190:   00000000d7444ee8 00000000d73d14a0
0x000000001e07f1a0:   0000000000000000 00000000d7448a88
0x000000001e07f1b0:   00000000ed72ff70 000000005b0899a1
0x000000001e07f1c0:   00000000d7416998 00000000ed729990
0x000000001e07f1d0:   00000000d7416998 0000000002e268e4
0x000000001e07f1e0:   000000001e07f598 0000000002e13424
0x000000001e07f1f0:   00000000d73d1258 00000000d73d0f68
0x000000001e07f200:   00000000d74468c8 0000001100000010
0x000000001e07f210:   000000001e07f598 0000000002f74254
0x000000001e07f220:   000000001e07f598 0000000002f8222c
0x000000001e07f230:   00000000d7416ba0 00000000ed719b00
0x000000001e07f240:   000000001e07f598 0000000002df0ffc
0x000000001e07f250:   000000001e07f598 0000000002fe3aa4
0x000000001e07f260:   00000000d7448a08 0000003700000000 

Instructions: (pc=0x00000000034eccf4)
0x00000000034eccd4:   0f 1f 84 00 00 00 00 00 66 66 66 90 89 84 24 00
0x00000000034ecce4:   a0 ff ff 55 48 83 ec 70 44 8b 42 20 41 8b 70 10
0x00000000034eccf4:   48 3b 06 49 b8 90 0d 20 82 00 00 00 00 48 89 54
0x00000000034ecd04:   24 60 48 8b d6 90 90 90 90 90 90 e8 8c 94 93 ff 


Register to memory mapping:

RAX=0x000000010053a9b8 is pointing into metadata
RBX={method} {0x000000001d6ead88} 'hashCode' '()I' in 'org/springframework/boot/devtools/filewatch/FileSnapshot'
RCX=0x0000000000000067 is an unknown value
RDX=0x00000000d7416ba0 is an oop
org.springframework.boot.devtools.filewatch.FileSnapshot 
 - klass: 'org/springframework/boot/devtools/filewatch/FileSnapshot'
RSP=0x000000001e07f170 is pointing into the stack for thread: 0x000000001ee84000
RBP=0x000000001e07f598 is pointing into the stack for thread: 0x000000001ee84000
RSI=0x00000000c7414ee0 is an unallocated location in the heap
RDI=0x0000000011c8f000 is an unknown value
R8 =0x00000000d7414df0 is an oop
java.io.File 
 - klass: 'java/io/File'
R9 =0x00000000ed740000 is an oop
java.lang.String 
 - klass: 'java/lang/String'
R10=0x00000000d7416f88 is an oop
java.util.LinkedHashMap$Entry 
 - klass: 'java/util/LinkedHashMap$Entry'
R11=0x0000000000000208 is an unknown value
R12=0x0000000000000000 is an unknown value
R13=0x000000000000005d is an unknown value
R14=0x000000001e07f4c0 is pointing into the stack for thread: 0x000000001ee84000
R15=0x000000001ee84000 is a thread


Stack: [0x000000001df80000,0x000000001e080000],  sp=0x000000001e07f170,  free space=1020k
Native frames: (J=compiled Java code, j=interpreted, Vv=VM code, C=native code)
C  0x00000000034eccf4


---------------  P R O C E S S  ---------------

Java Threads: ( => current thread )
  0x000000001b690800 JavaThread "Druid-ConnectionPool-Destroy-577197957" daemon [_thread_blocked, id=13072, stack(0x0000000020550000,0x0000000020650000)]
  0x000000001b697800 JavaThread "Druid-ConnectionPool-Create-577197957" daemon [_thread_blocked, id=13964, stack(0x0000000020350000,0x0000000020450000)]
  0x000000001b691800 JavaThread "RMI TCP Connection(idle)" daemon [_thread_blocked, id=6764, stack(0x000000001c080000,0x000000001c180000)]
  0x000000001b694800 JavaThread "http-nio-8090-AsyncTimeout" daemon [_thread_blocked, id=7720, stack(0x0000000020250000,0x0000000020350000)]
  0x000000001b696000 JavaThread "http-nio-8090-Acceptor-0" daemon [_thread_in_native, id=15372, stack(0x0000000020150000,0x0000000020250000)]
  0x000000001b693800 JavaThread "http-nio-8090-ClientPoller-1" daemon [_thread_in_native, id=3984, stack(0x0000000020050000,0x0000000020150000)]
  0x000000001b693000 JavaThread "http-nio-8090-ClientPoller-0" daemon [_thread_in_native, id=9788, stack(0x000000001ff50000,0x0000000020050000)]
  0x000000001ee8c000 JavaThread "http-nio-8090-exec-10" daemon [_thread_blocked, id=10920, stack(0x000000001fe50000,0x000000001ff50000)]
  0x000000001ee92000 JavaThread "http-nio-8090-exec-9" daemon [_thread_blocked, id=16892, stack(0x000000001f950000,0x000000001fa50000)]
  0x000000001ee91000 JavaThread "http-nio-8090-exec-8" daemon [_thread_blocked, id=6392, stack(0x000000001e880000,0x000000001e980000)]
  0x000000001ee8d800 JavaThread "http-nio-8090-exec-7" daemon [_thread_blocked, id=8136, stack(0x000000001e780000,0x000000001e880000)]
  0x000000001ee90800 JavaThread "http-nio-8090-exec-6" daemon [_thread_blocked, id=2280, stack(0x000000001e680000,0x000000001e780000)]
  0x000000001ee8f000 JavaThread "http-nio-8090-exec-5" daemon [_thread_blocked, id=15816, stack(0x000000001e580000,0x000000001e680000)]
  0x000000001ee8e000 JavaThread "http-nio-8090-exec-4" daemon [_thread_blocked, id=7256, stack(0x000000001e480000,0x000000001e580000)]
  0x000000001ee92800 JavaThread "http-nio-8090-exec-3" daemon [_thread_blocked, id=15488, stack(0x000000001e380000,0x000000001e480000)]
  0x000000001ee8f800 JavaThread "http-nio-8090-exec-2" daemon [_thread_blocked, id=14872, stack(0x000000001e280000,0x000000001e380000)]
  0x000000001ee87800 JavaThread "http-nio-8090-exec-1" daemon [_thread_blocked, id=9828, stack(0x000000001e180000,0x000000001e280000)]
  0x000000001ee8b000 JavaThread "NioBlockingSelector.BlockPoller-11" daemon [_thread_in_native, id=6732, stack(0x000000001e080000,0x000000001e180000)]
=>0x000000001ee84000 JavaThread "File Watcher" daemon [_thread_in_Java, id=8236, stack(0x000000001df80000,0x000000001e080000)]
  0x000000001ee83800 JavaThread "container-0" [_thread_blocked, id=7268, stack(0x000000001de80000,0x000000001df80000)]
  0x000000001ee85000 JavaThread "ContainerBackgroundProcessor[StandardEngine[Tomcat]]" daemon [_thread_blocked, id=6484, stack(0x000000001dd80000,0x000000001de80000)]
  0x000000001ee88000 JavaThread "RMI TCP Connection(idle)" daemon [_thread_blocked, id=6424, stack(0x000000001b780000,0x000000001b880000)]
  0x000000001b69e000 JavaThread "Abandoned connection cleanup thread" daemon [_thread_blocked, id=10624, stack(0x0000000019f00000,0x000000001a000000)]
  0x000000001b69c800 JavaThread "DestroyJavaVM" [_thread_blocked, id=10796, stack(0x0000000002ae0000,0x0000000002be0000)]
  0x00000000177eb800 JavaThread "Live Reload Server" daemon [_thread_in_native, id=1664, stack(0x000000001da80000,0x000000001db80000)]
  0x00000000177ef000 JavaThread "JMX server connection timeout 23" daemon [_thread_blocked, id=4572, stack(0x000000001c180000,0x000000001c280000)]
  0x0000000019974000 JavaThread "JMX server connection timeout 17" daemon [_thread_blocked, id=5228, stack(0x000000001a4b0000,0x000000001a5b0000)]
  0x0000000019948000 JavaThread "RMI Scheduler(0)" daemon [_thread_blocked, id=8772, stack(0x000000001a200000,0x000000001a300000)]
  0x00000000197e9800 JavaThread "RMI TCP Accept-0" daemon [_thread_in_native, id=2516, stack(0x000000001a000000,0x000000001a100000)]
  0x00000000197ca800 JavaThread "RMI TCP Accept-61583" daemon [_thread_in_native, id=10456, stack(0x0000000019e00000,0x0000000019f00000)]
  0x00000000197c3000 JavaThread "RMI TCP Accept-0" daemon [_thread_in_native, id=10772, stack(0x0000000019d00000,0x0000000019e00000)]
  0x000000001780e000 JavaThread "Service Thread" daemon [_thread_blocked, id=8664, stack(0x0000000019400000,0x0000000019500000)]
  0x00000000177ec000 JavaThread "C1 CompilerThread2" daemon [_thread_blocked, id=9836, stack(0x0000000019300000,0x0000000019400000)]
  0x00000000177e1800 JavaThread "C2 CompilerThread1" daemon [_thread_blocked, id=17932, stack(0x0000000019200000,0x0000000019300000)]
  0x00000000177d6000 JavaThread "C2 CompilerThread0" daemon [_thread_blocked, id=12188, stack(0x0000000019100000,0x0000000019200000)]
  0x0000000018b43800 JavaThread "Attach Listener" daemon [_thread_blocked, id=1072, stack(0x0000000019000000,0x0000000019100000)]
  0x00000000177c4000 JavaThread "Signal Dispatcher" daemon [_thread_blocked, id=15932, stack(0x0000000018f00000,0x0000000019000000)]
  0x000000001779b000 JavaThread "Finalizer" daemon [_thread_blocked, id=1372, stack(0x0000000018a00000,0x0000000018b00000)]
  0x0000000002cd5000 JavaThread "Reference Handler" daemon [_thread_blocked, id=14392, stack(0x0000000018900000,0x0000000018a00000)]

Other Threads:
  0x0000000017777800 VMThread [stack: 0x0000000018800000,0x0000000018900000] [id=14016]
  0x0000000019836000 WatcherThread [stack: 0x000000001a100000,0x000000001a200000] [id=7944]

VM state:not at safepoint (normal execution)

VM Mutex/Monitor currently owned by a thread: None

Heap:
 PSYoungGen      total 173568K, used 21202K [0x00000000d6100000, 0x00000000ed780000, 0x0000000100000000)
  eden space 173056K, 12% used [0x00000000d6100000,0x00000000d7558a60,0x00000000e0a00000)
  from space 512K, 71% used [0x00000000ed700000,0x00000000ed75c010,0x00000000ed780000)
  to   space 9728K, 0% used [0x00000000ec480000,0x00000000ec480000,0x00000000ece00000)
 ParOldGen       total 89088K, used 33256K [0x0000000082200000, 0x0000000087900000, 0x00000000d6100000)
  object space 89088K, 37% used [0x0000000082200000,0x000000008427a150,0x0000000087900000)
 Metaspace       used 46053K, capacity 48406K, committed 50688K, reserved 1093632K
  class space    used 6119K, capacity 6538K, committed 6912K, reserved 1048576K

Card table byte_map: [0x00000000120a0000,0x0000000012490000] byte_map_base: 0x0000000011c8f000

Marking Bits: (ParMarkBitMap*) 0x0000000059e72f70
 Begin Bits: [0x0000000012b30000, 0x0000000014aa8000)
 End Bits:   [0x0000000014aa8000, 0x0000000016a20000)

Polling page: 0x00000000008f0000

CodeCache: size=245760Kb used=18156Kb max_used=18156Kb free=227603Kb
 bounds [0x0000000002ce0000, 0x0000000003ea0000, 0x0000000011ce0000]
 total_blobs=9873 nmethods=9347 adapters=437
 compilation: enabled

Compilation events (10 events):
Event: 10383.288 Thread 0x00000000177ec000 9456       1       java.net.SocksSocketImpl::getPort (20 bytes)
Event: 10383.288 Thread 0x00000000177ec000 nmethod 9456 0x0000000003e98250 code [0x0000000003e983c0, 0x0000000003e98528]
Event: 10383.288 Thread 0x00000000177ec000 9459   !   1       sun.rmi.transport.tcp.TCPTransport::handleMessages (371 bytes)
Event: 10383.291 Thread 0x00000000177ec000 nmethod 9459 0x0000000003e98650 code [0x0000000003e98aa0, 0x0000000003e9a928]
Event: 10383.291 Thread 0x00000000177ec000 9457       1       java.net.PlainSocketImpl::getPort (8 bytes)
Event: 10383.291 Thread 0x00000000177ec000 nmethod 9457 0x0000000003e9d190 code [0x0000000003e9d2e0, 0x0000000003e9d428]
Event: 10383.291 Thread 0x00000000177ec000 9458       1       sun.rmi.transport.tcp.TCPConnection::<init> (57 bytes)
Event: 10383.292 Thread 0x00000000177ec000 nmethod 9458 0x0000000003e9d490 code [0x0000000003e9d5e0, 0x0000000003e9d790]
Event: 10397.447 Thread 0x00000000177ec000 9460       1       java.util.concurrent.SynchronousQueue::poll (38 bytes)
Event: 10397.447 Thread 0x00000000177ec000 nmethod 9460 0x0000000003e9d810 code [0x0000000003e9d9a0, 0x0000000003e9dbf8]

GC Heap History (10 events):
Event: 9683.711 GC heap before
{Heap before GC invocations=58 (full 12):
 PSYoungGen      total 213504K, used 213474K [0x00000000d6100000, 0x00000000eed00000, 0x0000000100000000)
  eden space 207872K, 100% used [0x00000000d6100000,0x00000000e2c00000,0x00000000e2c00000)
  from space 5632K, 99% used [0x00000000ee200000,0x00000000ee778b40,0x00000000ee780000)
  to   space 5632K, 0% used [0x00000000ee780000,0x00000000ee780000,0x00000000eed00000)
 ParOldGen       total 89088K, used 27910K [0x0000000082200000, 0x0000000087900000, 0x00000000d6100000)
  object space 89088K, 31% used [0x0000000082200000,0x0000000083d41b10,0x0000000087900000)
 Metaspace       used 46052K, capacity 48406K, committed 50688K, reserved 1093632K
  class space    used 6118K, capacity 6538K, committed 6912K, reserved 1048576K
Event: 9683.716 GC heap after
Heap after GC invocations=58 (full 12):
 PSYoungGen      total 205824K, used 5602K [0x00000000d6100000, 0x00000000eed00000, 0x0000000100000000)
  eden space 200192K, 0% used [0x00000000d6100000,0x00000000d6100000,0x00000000e2480000)
  from space 5632K, 99% used [0x00000000ee780000,0x00000000eecf8b40,0x00000000eed00000)
  to   space 7680K, 0% used [0x00000000ede00000,0x00000000ede00000,0x00000000ee580000)
 ParOldGen       total 89088K, used 27934K [0x0000000082200000, 0x0000000087900000, 0x00000000d6100000)
  object space 89088K, 31% used [0x0000000082200000,0x0000000083d47b10,0x0000000087900000)
 Metaspace       used 46052K, capacity 48406K, committed 50688K, reserved 1093632K
  class space    used 6118K, capacity 6538K, committed 6912K, reserved 1048576K
}
Event: 9933.623 GC heap before
{Heap before GC invocations=59 (full 12):
 PSYoungGen      total 205824K, used 205794K [0x00000000d6100000, 0x00000000eed00000, 0x0000000100000000)
  eden space 200192K, 100% used [0x00000000d6100000,0x00000000e2480000,0x00000000e2480000)
  from space 5632K, 99% used [0x00000000ee780000,0x00000000eecf8b40,0x00000000eed00000)
  to   space 7680K, 0% used [0x00000000ede00000,0x00000000ede00000,0x00000000ee580000)
 ParOldGen       total 89088K, used 27934K [0x0000000082200000, 0x0000000087900000, 0x00000000d6100000)
  object space 89088K, 31% used [0x0000000082200000,0x0000000083d47b10,0x0000000087900000)
 Metaspace       used 46052K, capacity 48406K, committed 50688K, reserved 1093632K
  class space    used 6118K, capacity 6538K, committed 6912K, reserved 1048576K
Event: 9934.024 GC heap after
Heap after GC invocations=59 (full 12):
 PSYoungGen      total 193536K, used 192K [0x00000000d6100000, 0x00000000ee800000, 0x0000000100000000)
  eden space 193024K, 0% used [0x00000000d6100000,0x00000000d6100000,0x00000000e1d80000)
  from space 512K, 37% used [0x00000000ede00000,0x00000000ede30000,0x00000000ede80000)
  to   space 8704K, 0% used [0x00000000edf80000,0x00000000edf80000,0x00000000ee800000)
 ParOldGen       total 89088K, used 33224K [0x0000000082200000, 0x0000000087900000, 0x00000000d6100000)
  object space 89088K, 37% used [0x0000000082200000,0x0000000084272150,0x0000000087900000)
 Metaspace       used 46052K, capacity 48406K, committed 50688K, reserved 1093632K
  class space    used 6118K, capacity 6538K, committed 6912K, reserved 1048576K
}
Event: 10173.862 GC heap before
{Heap before GC invocations=60 (full 12):
 PSYoungGen      total 193536K, used 193216K [0x00000000d6100000, 0x00000000ee800000, 0x0000000100000000)
  eden space 193024K, 100% used [0x00000000d6100000,0x00000000e1d80000,0x00000000e1d80000)
  from space 512K, 37% used [0x00000000ede00000,0x00000000ede30000,0x00000000ede80000)
  to   space 8704K, 0% used [0x00000000edf80000,0x00000000edf80000,0x00000000ee800000)
 ParOldGen       total 89088K, used 33224K [0x0000000082200000, 0x0000000087900000, 0x00000000d6100000)
  object space 89088K, 37% used [0x0000000082200000,0x0000000084272150,0x0000000087900000)
 Metaspace       used 46052K, capacity 48406K, committed 50688K, reserved 1093632K
  class space    used 6118K, capacity 6538K, committed 6912K, reserved 1048576K
Event: 10173.866 GC heap after
Heap after GC invocations=60 (full 12):
 PSYoungGen      total 186368K, used 160K [0x00000000d6100000, 0x00000000ee000000, 0x0000000100000000)
  eden space 185856K, 0% used [0x00000000d6100000,0x00000000d6100000,0x00000000e1680000)
  from space 512K, 31% used [0x00000000edf80000,0x00000000edfa8000,0x00000000ee000000)
  to   space 9216K, 0% used [0x00000000ece00000,0x00000000ece00000,0x00000000ed700000)
 ParOldGen       total 89088K, used 33232K [0x0000000082200000, 0x0000000087900000, 0x00000000d6100000)
  object space 89088K, 37% used [0x0000000082200000,0x0000000084274150,0x0000000087900000)
 Metaspace       used 46052K, capacity 48406K, committed 50688K, reserved 1093632K
  class space    used 6118K, capacity 6538K, committed 6912K, reserved 1048576K
}
Event: 10402.534 GC heap before
{Heap before GC invocations=61 (full 12):
 PSYoungGen      total 186368K, used 186016K [0x00000000d6100000, 0x00000000ee000000, 0x0000000100000000)
  eden space 185856K, 100% used [0x00000000d6100000,0x00000000e1680000,0x00000000e1680000)
  from space 512K, 31% used [0x00000000edf80000,0x00000000edfa8000,0x00000000ee000000)
  to   space 9216K, 0% used [0x00000000ece00000,0x00000000ece00000,0x00000000ed700000)
 ParOldGen       total 89088K, used 33232K [0x0000000082200000, 0x0000000087900000, 0x00000000d6100000)
  object space 89088K, 37% used [0x0000000082200000,0x0000000084274150,0x0000000087900000)
 Metaspace       used 46053K, capacity 48406K, committed 50688K, reserved 1093632K
  class space    used 6119K, capacity 6538K, committed 6912K, reserved 1048576K
Event: 10402.536 GC heap after
Heap after GC invocations=61 (full 12):
 PSYoungGen      total 188416K, used 384K [0x00000000d6100000, 0x00000000ee000000, 0x0000000100000000)
  eden space 179200K, 0% used [0x00000000d6100000,0x00000000d6100000,0x00000000e1000000)
  from space 9216K, 4% used [0x00000000ece00000,0x00000000ece60000,0x00000000ed700000)
  to   space 9216K, 0% used [0x00000000ed700000,0x00000000ed700000,0x00000000ee000000)
 ParOldGen       total 89088K, used 33256K [0x0000000082200000, 0x0000000087900000, 0x00000000d6100000)
  object space 89088K, 37% used [0x0000000082200000,0x000000008427a150,0x0000000087900000)
 Metaspace       used 46053K, capacity 48406K, committed 50688K, reserved 1093632K
  class space    used 6119K, capacity 6538K, committed 6912K, reserved 1048576K
}
Event: 10616.862 GC heap before
{Heap before GC invocations=62 (full 12):
 PSYoungGen      total 188416K, used 179584K [0x00000000d6100000, 0x00000000ee000000, 0x0000000100000000)
  eden space 179200K, 100% used [0x00000000d6100000,0x00000000e1000000,0x00000000e1000000)
  from space 9216K, 4% used [0x00000000ece00000,0x00000000ece60000,0x00000000ed700000)
  to   space 9216K, 0% used [0x00000000ed700000,0x00000000ed700000,0x00000000ee000000)
 ParOldGen       total 89088K, used 33256K [0x0000000082200000, 0x0000000087900000, 0x00000000d6100000)
  object space 89088K, 37% used [0x0000000082200000,0x000000008427a150,0x0000000087900000)
 Metaspace       used 46053K, capacity 48406K, committed 50688K, reserved 1093632K
  class space    used 6119K, capacity 6538K, committed 6912K, reserved 1048576K
Event: 10616.865 GC heap after
Heap after GC invocations=62 (full 12):
 PSYoungGen      total 173568K, used 368K [0x00000000d6100000, 0x00000000ed780000, 0x0000000100000000)
  eden space 173056K, 0% used [0x00000000d6100000,0x00000000d6100000,0x00000000e0a00000)
  from space 512K, 71% used [0x00000000ed700000,0x00000000ed75c010,0x00000000ed780000)
  to   space 9728K, 0% used [0x00000000ec480000,0x00000000ec480000,0x00000000ece00000)
 ParOldGen       total 89088K, used 33256K [0x0000000082200000, 0x0000000087900000, 0x00000000d6100000)
  object space 89088K, 37% used [0x0000000082200000,0x000000008427a150,0x0000000087900000)
 Metaspace       used 46053K, capacity 48406K, committed 50688K, reserved 1093632K
  class space    used 6119K, capacity 6538K, committed 6912K, reserved 1048576K
}

Deoptimization events (0 events):
No events

Internal exceptions (10 events):
Event: 4754.709 Thread 0x000000001ee8f800 Exception <a 'java/lang/ArrayIndexOutOfBoundsException'> (0x00000000e0569928) thrown at [C:\re\workspace\8-2-build-windows-amd64-cygwin\jdk8u91\6644\hotspot\src\share\vm\runtime\sharedRuntime.cpp, line 605]
Event: 4754.717 Thread 0x000000001ee8f800 Exception <a 'java/lang/ArrayIndexOutOfBoundsException'> (0x00000000e0623d50) thrown at [C:\re\workspace\8-2-build-windows-amd64-cygwin\jdk8u91\6644\hotspot\src\share\vm\runtime\sharedRuntime.cpp, line 605]
Event: 4754.719 Thread 0x000000001ee8f800 Exception <a 'java/lang/ArrayIndexOutOfBoundsException'> (0x00000000e0634700) thrown at [C:\re\workspace\8-2-build-windows-amd64-cygwin\jdk8u91\6644\hotspot\src\share\vm\runtime\sharedRuntime.cpp, line 605]
Event: 4754.767 Thread 0x000000001ee8f800 Exception <a 'java/lang/ArrayIndexOutOfBoundsException'> (0x00000000e08657b8) thrown at [C:\re\workspace\8-2-build-windows-amd64-cygwin\jdk8u91\6644\hotspot\src\share\vm\runtime\sharedRuntime.cpp, line 605]
Event: 4783.475 Thread 0x000000001ee90800 Exception <a 'java/lang/ArrayIndexOutOfBoundsException'> (0x00000000e241bc60) thrown at [C:\re\workspace\8-2-build-windows-amd64-cygwin\jdk8u91\6644\hotspot\src\share\vm\runtime\sharedRuntime.cpp, line 605]
Event: 4783.494 Thread 0x000000001ee90800 Exception <a 'java/lang/ArrayIndexOutOfBoundsException'> (0x00000000e24d1eb8) thrown at [C:\re\workspace\8-2-build-windows-amd64-cygwin\jdk8u91\6644\hotspot\src\share\vm\runtime\sharedRuntime.cpp, line 605]
Event: 4827.170 Thread 0x000000001ee8c000 Exception <a 'java/lang/ArrayIndexOutOfBoundsException'> (0x00000000e4d5cce8) thrown at [C:\re\workspace\8-2-build-windows-amd64-cygwin\jdk8u91\6644\hotspot\src\share\vm\runtime\sharedRuntime.cpp, line 605]
Event: 4827.193 Thread 0x000000001ee8c000 Exception <a 'java/lang/ArrayIndexOutOfBoundsException'> (0x00000000e4e041f8) thrown at [C:\re\workspace\8-2-build-windows-amd64-cygwin\jdk8u91\6644\hotspot\src\share\vm\runtime\sharedRuntime.cpp, line 605]
Event: 4861.989 Thread 0x000000001ee92800 Exception <a 'java/lang/ArrayIndexOutOfBoundsException'> (0x00000000e7015af0) thrown at [C:\re\workspace\8-2-build-windows-amd64-cygwin\jdk8u91\6644\hotspot\src\share\vm\runtime\sharedRuntime.cpp, line 605]
Event: 4862.004 Thread 0x000000001ee92800 Exception <a 'java/lang/ArrayIndexOutOfBoundsException'> (0x00000000e70ba878) thrown at [C:\re\workspace\8-2-build-windows-amd64-cygwin\jdk8u91\6644\hotspot\src\share\vm\runtime\sharedRuntime.cpp, line 605]

Events (10 events):
Event: 10447.947 loading class org/zeroturnaround/javarebel/ReloaderFactory
Event: 10447.947 loading class org/zeroturnaround/javarebel/ReloaderFactory done
Event: 10447.947 loading class org/zeroturnaround/javarebel$ReloaderFactory
Event: 10447.947 loading class org/zeroturnaround/javarebel$ReloaderFactory done
Event: 10447.947 loading class org/hotswap/agent/HotswapAgent
Event: 10447.947 loading class org/hotswap/agent/HotswapAgent done
Event: 10447.947 loading class org/hotswap/agent$HotswapAgent
Event: 10447.947 loading class org/hotswap/agent$HotswapAgent done
Event: 10616.862 Executing VM operation: ParallelGCFailedAllocation
Event: 10616.865 Executing VM operation: ParallelGCFailedAllocation done


Dynamic libraries:
0x00007ff7881d0000 - 0x00007ff788207000 	C:\Program Files\Java\jdk1.8.0_91\bin\javaw.exe
0x00007ffed9580000 - 0x00007ffed9770000 	C:\WINDOWS\SYSTEM32\ntdll.dll
0x00007ffed7660000 - 0x00007ffed7712000 	C:\WINDOWS\System32\KERNEL32.DLL
0x00007ffed6510000 - 0x00007ffed67b3000 	C:\WINDOWS\System32\KERNELBASE.dll
0x00007ffed8020000 - 0x00007ffed80c3000 	C:\WINDOWS\System32\ADVAPI32.dll
0x00007ffed8660000 - 0x00007ffed86fe000 	C:\WINDOWS\System32\msvcrt.dll
0x00007ffed87d0000 - 0x00007ffed8867000 	C:\WINDOWS\System32\sechost.dll
0x00007ffed90e0000 - 0x00007ffed9200000 	C:\WINDOWS\System32\RPCRT4.dll
0x00007ffed8160000 - 0x00007ffed82f4000 	C:\WINDOWS\System32\USER32.dll
0x00007ffed67c0000 - 0x00007ffed67e1000 	C:\WINDOWS\System32\win32u.dll
0x00007ffed7ff0000 - 0x00007ffed8016000 	C:\WINDOWS\System32\GDI32.dll
0x00007ffed69d0000 - 0x00007ffed6b64000 	C:\WINDOWS\System32\gdi32full.dll
0x00007ffed6b70000 - 0x00007ffed6c0e000 	C:\WINDOWS\System32\msvcp_win.dll
0x00007ffed68d0000 - 0x00007ffed69ca000 	C:\WINDOWS\System32\ucrtbase.dll
0x00007ffec2460000 - 0x00007ffec26e5000 	C:\WINDOWS\WinSxS\amd64_microsoft.windows.common-controls_6595b64144ccf1df_6.0.18362.418_none_e6c6b287130d565d\COMCTL32.dll
0x00007ffed9200000 - 0x00007ffed9536000 	C:\WINDOWS\System32\combase.dll
0x00007ffed6850000 - 0x00007ffed68d0000 	C:\WINDOWS\System32\bcryptPrimitives.dll
0x00007ffed7630000 - 0x00007ffed765e000 	C:\WINDOWS\System32\IMM32.DLL
0x000000005a270000 - 0x000000005a342000 	C:\Program Files\Java\jdk1.8.0_91\jre\bin\msvcr100.dll
0x0000000059660000 - 0x0000000059ef3000 	C:\Program Files\Java\jdk1.8.0_91\jre\bin\server\jvm.dll
0x00007ffed8150000 - 0x00007ffed8158000 	C:\WINDOWS\System32\PSAPI.DLL
0x00007ffec6290000 - 0x00007ffec629a000 	C:\WINDOWS\SYSTEM32\VERSION.dll
0x00007ffecf8a0000 - 0x00007ffecf8a9000 	C:\WINDOWS\SYSTEM32\WSOCK32.dll
0x00007ffed1810000 - 0x00007ffed1834000 	C:\WINDOWS\SYSTEM32\WINMM.dll
0x00007ffed7f80000 - 0x00007ffed7fef000 	C:\WINDOWS\System32\WS2_32.dll
0x00007ffed1790000 - 0x00007ffed17bd000 	C:\WINDOWS\SYSTEM32\winmmbase.dll
0x00007ffed75c0000 - 0x00007ffed760a000 	C:\WINDOWS\System32\cfgmgr32.dll
0x000000005b900000 - 0x000000005b90f000 	C:\Program Files\Java\jdk1.8.0_91\jre\bin\verify.dll
0x000000005a3d0000 - 0x000000005a3f9000 	C:\Program Files\Java\jdk1.8.0_91\jre\bin\java.dll
0x000000005b8e0000 - 0x000000005b8f6000 	C:\Program Files\Java\jdk1.8.0_91\jre\bin\zip.dll
0x00007ffed89f0000 - 0x00007ffed90d5000 	C:\WINDOWS\System32\SHELL32.dll
0x00007ffed8550000 - 0x00007ffed85f9000 	C:\WINDOWS\System32\shcore.dll
0x00007ffed6e40000 - 0x00007ffed75bf000 	C:\WINDOWS\System32\windows.storage.dll
0x00007ffed6480000 - 0x00007ffed649f000 	C:\WINDOWS\System32\profapi.dll
0x00007ffed64c0000 - 0x00007ffed650a000 	C:\WINDOWS\System32\powrprof.dll
0x00007ffed6450000 - 0x00007ffed6460000 	C:\WINDOWS\System32\UMPDC.dll
0x00007ffed8770000 - 0x00007ffed87c2000 	C:\WINDOWS\System32\shlwapi.dll
0x00007ffed64a0000 - 0x00007ffed64b1000 	C:\WINDOWS\System32\kernel.appcore.dll
0x00007ffed7610000 - 0x00007ffed7627000 	C:\WINDOWS\System32\cryptsp.dll
0x000000005a260000 - 0x000000005a26d000 	C:\Program Files\Java\jdk1.8.0_91\jre\bin\management.dll
0x000000005aba0000 - 0x000000005abba000 	C:\Program Files\Java\jdk1.8.0_91\jre\bin\net.dll
0x00007ffed5c60000 - 0x00007ffed5cc7000 	C:\WINDOWS\system32\mswsock.dll
0x000000005a380000 - 0x000000005a391000 	C:\Program Files\Java\jdk1.8.0_91\jre\bin\nio.dll
0x00007ffec7550000 - 0x00007ffec7566000 	C:\WINDOWS\system32\napinsp.dll
0x00007ffec7130000 - 0x00007ffec714a000 	C:\WINDOWS\system32\pnrpnsp.dll
0x00007ffed59b0000 - 0x00007ffed5a7a000 	C:\WINDOWS\SYSTEM32\DNSAPI.dll
0x00007ffed7720000 - 0x00007ffed7728000 	C:\WINDOWS\System32\NSI.dll
0x00007ffed5970000 - 0x00007ffed59aa000 	C:\WINDOWS\SYSTEM32\IPHLPAPI.DLL
0x00007ffed0de0000 - 0x00007ffed0dee000 	C:\WINDOWS\System32\winrnr.dll
0x00007ffed2c30000 - 0x00007ffed2c4c000 	C:\WINDOWS\system32\NLAapi.dll
0x00007ffec2c40000 - 0x00007ffec2c55000 	C:\WINDOWS\system32\wshbth.dll
0x00007ffec40e0000 - 0x00007ffec40ea000 	C:\Windows\System32\rasadhlp.dll
0x00007ffec8610000 - 0x00007ffec8687000 	C:\WINDOWS\System32\fwpuclnt.dll
0x00007ffed6d60000 - 0x00007ffed6d86000 	C:\WINDOWS\System32\bcrypt.dll
0x00007ffed57d0000 - 0x00007ffed5803000 	C:\WINDOWS\system32\rsaenh.dll
0x00007ffed6370000 - 0x00007ffed6395000 	C:\WINDOWS\SYSTEM32\USERENV.dll
0x00007ffed5e30000 - 0x00007ffed5e3c000 	C:\WINDOWS\SYSTEM32\CRYPTBASE.dll
0x00007ffec85f0000 - 0x00007ffec8606000 	C:\WINDOWS\SYSTEM32\dhcpcsvc6.DLL
0x00007ffec85d0000 - 0x00007ffec85ec000 	C:\WINDOWS\SYSTEM32\dhcpcsvc.DLL
0x00007ffed4c00000 - 0x00007ffed4df4000 	C:\WINDOWS\SYSTEM32\dbghelp.dll

VM Arguments:
jvm_args: -Dcom.sun.management.jmxremote -Dcom.sun.management.jmxremote.port=61583 -Dcom.sun.management.jmxremote.authenticate=false -Dcom.sun.management.jmxremote.ssl=false -Djava.rmi.server.hostname=localhost -Dspring.jmx.enabled=true -Dspring.application.admin.enabled=true -Xverify:none -XX:TieredStopAtLevel=1 -Dfile.encoding=UTF-8 
java_command: com.qgh.Carttoon_Main --spring.output.ansi.enabled=always
java_class_path (initial): F:\ideaProject\SpringBootProject\cartoon1\target\classes;D:\repository\org\springframework\boot\spring-boot-starter-thymeleaf\2.0.8.RELEASE\spring-boot-starter-thymeleaf-2.0.8.RELEASE.jar;D:\repository\org\springframework\boot\spring-boot-starter\2.0.8.RELEASE\spring-boot-starter-2.0.8.RELEASE.jar;D:\repository\org\springframework\boot\spring-boot-starter-logging\2.0.8.RELEASE\spring-boot-starter-logging-2.0.8.RELEASE.jar;D:\repository\ch\qos\logback\logback-classic\1.2.3\logback-classic-1.2.3.jar;D:\repository\ch\qos\logback\logback-core\1.2.3\logback-core-1.2.3.jar;D:\repository\org\apache\logging\log4j\log4j-to-slf4j\2.10.0\log4j-to-slf4j-2.10.0.jar;D:\repository\org\apache\logging\log4j\log4j-api\2.10.0\log4j-api-2.10.0.jar;D:\repository\org\slf4j\jul-to-slf4j\1.7.25\jul-to-slf4j-1.7.25.jar;D:\repository\javax\annotation\javax.annotation-api\1.3.2\javax.annotation-api-1.3.2.jar;D:\repository\org\yaml\snakeyaml\1.19\snakeyaml-1.19.jar;D:\repository\org\thymeleaf\thymeleaf-spring5\3.0.11.RELEASE\thymeleaf-spring5-3.0.11.RELEASE.jar;D:\repository\org\thymeleaf\thymeleaf\3.0.11.RELEASE\thymeleaf-3.0.11.RELEASE.jar;D:\repository\org\attoparser\attoparser\2.0.5.RELEASE\attoparser-2.0.5.RELEASE.jar;D:\repository\org\unbescape\unbescape\1.1.6.RELEASE\unbescape-1.1.6.RELEASE.jar;D:\repository\org\slf4j\slf4j-api\1.7.25\slf4j-api-1.7.25.jar;D:\repository\org\thymeleaf\extras\thymeleaf-extras-java8time\3.0.2.RELEASE\thymeleaf-extras-java8time-3.0.2.RELEASE.jar;D:\repository\org\springframework\boot\spring-boot-starter-web\2.0.8.RELEASE\spring-boot-starter-web-2.0.8.RELEASE.jar;D:\repository\org\springframework\boot\spring-boot-starter-json\2.0.8.RELEASE\spring-boot-starter-json-2.0.8.RELEASE.jar;D:\repository\com\fasterxml\jackson\core\jackson-databind\2.9.8\jackson-databind-2.9.8.jar;D:\repository\com\fasterxml\jackson\core\jackson-annotations\2.9.0\jackson-annotations-2.9.0.jar;D:\repository\com\fasterxml\jackson\core\jackson-core\2.9.8\jacks
Launcher Type: SUN_STANDARD

Environment Variables:
JAVA_HOME=C:\Program Files\Java\jdk1.8.0_91
CLASSPATH=.;C:\Program Files\Java\jdk1.8.0_91\lib
PATH=C:/Program Files/Java/jdk1.8.0_91/bin/../jre/bin/server;C:/Program Files/Java/jdk1.8.0_91/bin/../jre/bin;C:/Program Files/Java/jdk1.8.0_91/bin/../jre/lib/amd64;C:\Windows\system32;C:\Windows;C:\Windows\System32\Wbem;C:\Windows\System32\WindowsPowerShell\v1.0\;C:\Program Files (x86)\NVIDIA Corporation\PhysX\Common;C:\WINDOWS\system32;C:\WINDOWS;C:\WINDOWS\System32\Wbem;C:\WINDOWS\System32\WindowsPowerShell\v1.0\;D:\mysql-5.7.21-winx64\bin;C:\WINDOWS\System32\OpenSSH\;D:\Program Files (x86)\HBuilder\plugins\launcher\tools\adbs;D:\Program Files\Android\SDK\tools;C:\Program Files\Java\jdk1.8.0_91\bin;D:\apache-maven-3.5.4\bin;C:\Program Files\MySQL\MySQL Server 5.7\bin;D:\Program Files (x86)\Git\cmd;C:\Users\ÇØ¹âãü.LAPTOP-CR162PI0\AppData\Local\Microsoft\WindowsApps;;F:\sts\spring-tool-suite-4-4.2.0.RELEASE-e4.11.0-win32.win32.x86_64\sts-4.2.0.RELEASE;
USERNAME=ÇØ¹âãü
OS=Windows_NT
PROCESSOR_IDENTIFIER=Intel64 Family 6 Model 78 Stepping 3, GenuineIntel



---------------  S Y S T E M  ---------------

OS: Windows 10.0 , 64 bit Build 18362 (10.0.18362.329)

CPU:total 4 (2 cores per cpu, 2 threads per core) family 6 model 78 stepping 3, cmov, cx8, fxsr, mmx, sse, sse2, sse3, ssse3, sse4.1, sse4.2, popcnt, avx, avx2, aes, clmul, erms, 3dnowpref, lzcnt, ht, tsc, tscinvbit, bmi1, bmi2, adx

Memory: 4k page, physical 8243976k(1739408k free), swap 14147384k(4362856k free)

vm_info: Java HotSpot(TM) 64-Bit Server VM (25.91-b14) for windows-amd64 JRE (1.8.0_91-b14), built on Apr  1 2016 00:58:32 by "java_re" with MS VC++ 10.0 (VS2010)

time: Sat Nov 02 21:04:27 2019
elapsed time: 10641 seconds (0d 2h 57m 21s)

